2020-08-08 00:47:04,160 [com.sekift.logger.ChangeLogLevelProcessUnitTest]-[DEBUG] test start
2020-08-08 00:47:04,160 [com.sekift.logger.ChangeLogLevelProcessUnitTest]-[DEBUG] test start
2020-08-08 00:47:04,178 [com.sekift.logger.ChangeLogLevelProcessUnitTest]-[DEBUG] type:org.slf4j.impl.Log4jLoggerFactory
2020-08-08 00:47:04,178 [com.sekift.logger.ChangeLogLevelProcessUnitTest]-[DEBUG] type:org.slf4j.impl.Log4jLoggerFactory
2020-08-08 00:47:04,183 [com.sekift.logger.impl.AbstractProcessUnitImpl]-[INFO] [LoggerLevel]start
2020-08-08 00:47:04,183 [com.sekift.logger.impl.AbstractProcessUnitImpl]-[INFO] [LoggerLevel]start
2020-08-08 00:47:04,184 [com.sekift.logger.impl.AbstractProcessUnitImpl]-[DEBUG] [LoggerLevel]log type=org.slf4j.impl.Log4jLoggerFactory
2020-08-08 00:47:04,184 [com.sekift.logger.impl.AbstractProcessUnitImpl]-[DEBUG] [LoggerLevel]log type=org.slf4j.impl.Log4jLoggerFactory
2020-08-08 00:47:04,185 [com.sekift.logger.impl.AbstractProcessUnitImpl]-[INFO] [LoggerLevel]loggerMap={root=org.apache.log4j.spi.RootLogger@555590, com.sekift=org.apache.log4j.Logger@6d1e7682}
2020-08-08 00:47:04,185 [com.sekift.logger.impl.AbstractProcessUnitImpl]-[INFO] [LoggerLevel]loggerMap={root=org.apache.log4j.spi.RootLogger@555590, com.sekift=org.apache.log4j.Logger@6d1e7682}
2020-08-08 00:47:04,359 [com.sekift.logger.impl.AbstractProcessUnitImpl]-[INFO] result={"loggerList":[{"loggerLevel":"DEBUG","loggerName":"root"},{"loggerLevel":"DEBUG","loggerName":"com.sekift"}],"logFramework":"LOG4J"}
2020-08-08 00:47:04,359 [com.sekift.logger.impl.AbstractProcessUnitImpl]-[INFO] result={"loggerList":[{"loggerLevel":"DEBUG","loggerName":"root"},{"loggerLevel":"DEBUG","loggerName":"com.sekift"}],"logFramework":"LOG4J"}
2020-08-08 00:47:04,359 [com.sekift.logger.ChangeLogLevelProcessUnitTest]-[DEBUG] frame:LOG4J
2020-08-08 00:47:04,359 [com.sekift.logger.ChangeLogLevelProcessUnitTest]-[DEBUG] frame:LOG4J
2020-08-08 00:47:04,359 [com.sekift.logger.process.ChangeLogLevelProcessUnit]-[INFO] [LoggerLevel]设置所有Log级别
2020-08-08 00:47:04,359 [com.sekift.logger.process.ChangeLogLevelProcessUnit]-[INFO] [LoggerLevel]设置所有Log级别
2020-08-08 00:47:04,360 [com.sekift.logger.ChangeLogLevelProcessUnitTest]-[INFO] 如果上面没有打印，表示升级到INFO了
2020-08-08 00:47:04,360 [com.sekift.logger.ChangeLogLevelProcessUnitTest]-[INFO] 如果上面没有打印，表示升级到INFO了
2020-08-08 00:47:04,360 [com.sekift.logger.process.ChangeLogLevelProcessUnit]-[INFO] [LoggerLevel]设置所有Log级别
2020-08-08 00:47:04,360 [com.sekift.logger.process.ChangeLogLevelProcessUnit]-[INFO] [LoggerLevel]设置所有Log级别
2020-08-08 00:47:04,360 [com.sekift.logger.ChangeLogLevelProcessUnitTest]-[DEBUG] end is debug
2020-08-08 00:47:04,360 [com.sekift.logger.ChangeLogLevelProcessUnitTest]-[DEBUG] end is debug
2020-08-08 00:48:46,017 [com.sekift.logger.MethodInvokerProcessUnitTest]-[DEBUG] test
2020-08-08 00:48:46,017 [com.sekift.logger.MethodInvokerProcessUnitTest]-[DEBUG] test
2020-08-08 00:48:46,099 [com.sekift.logger.MethodInvokerProcessUnitTest]-[DEBUG] type:org.slf4j.impl.Log4jLoggerFactory
2020-08-08 00:48:46,099 [com.sekift.logger.MethodInvokerProcessUnitTest]-[DEBUG] type:org.slf4j.impl.Log4jLoggerFactory
2020-08-08 00:48:46,123 [com.sekift.logger.impl.AbstractProcessUnitImpl]-[INFO] [LoggerLevel]start
2020-08-08 00:48:46,123 [com.sekift.logger.impl.AbstractProcessUnitImpl]-[INFO] [LoggerLevel]start
2020-08-08 00:48:46,124 [com.sekift.logger.impl.AbstractProcessUnitImpl]-[DEBUG] [LoggerLevel]log type=org.slf4j.impl.Log4jLoggerFactory
2020-08-08 00:48:46,124 [com.sekift.logger.impl.AbstractProcessUnitImpl]-[DEBUG] [LoggerLevel]log type=org.slf4j.impl.Log4jLoggerFactory
2020-08-08 00:48:46,144 [com.sekift.logger.impl.AbstractProcessUnitImpl]-[INFO] [LoggerLevel]loggerMap={root=org.apache.log4j.spi.RootLogger@555590, com.sekift=org.apache.log4j.Logger@6d1e7682}
2020-08-08 00:48:46,144 [com.sekift.logger.impl.AbstractProcessUnitImpl]-[INFO] [LoggerLevel]loggerMap={root=org.apache.log4j.spi.RootLogger@555590, com.sekift=org.apache.log4j.Logger@6d1e7682}
2020-08-08 00:48:46,451 [com.sekift.logger.impl.AbstractProcessUnitImpl]-[INFO] result={"loggerList":[{"loggerLevel":"DEBUG","loggerName":"root"},{"loggerLevel":"DEBUG","loggerName":"com.sekift"}],"logFramework":"LOG4J"}
2020-08-08 00:48:46,451 [com.sekift.logger.impl.AbstractProcessUnitImpl]-[INFO] result={"loggerList":[{"loggerLevel":"DEBUG","loggerName":"root"},{"loggerLevel":"DEBUG","loggerName":"com.sekift"}],"logFramework":"LOG4J"}
2020-08-08 00:48:46,455 [com.sekift.logger.MethodInvokerProcessUnitTest]-[DEBUG] frame:LOG4J
2020-08-08 00:48:46,455 [com.sekift.logger.MethodInvokerProcessUnitTest]-[DEBUG] frame:LOG4J
2020-08-08 00:48:46,457 [com.sekift.logger.MethodInvokerProcessUnitTest]-[DEBUG] now is debug
2020-08-08 00:48:46,457 [com.sekift.logger.MethodInvokerProcessUnitTest]-[DEBUG] now is debug
2020-08-08 00:48:46,719 [com.sekift.logger.process.MethodInvokerProcessUnit]-[INFO] setLogLevel: data=[{"level":"INFO","name":"com.sekift.logger.MethodInvokerProcessUnitTest"}]
2020-08-08 00:48:46,719 [com.sekift.logger.process.MethodInvokerProcessUnit]-[INFO] setLogLevel: data=[{"level":"INFO","name":"com.sekift.logger.MethodInvokerProcessUnitTest"}]
2020-08-08 00:50:03,969 [com.sekift.logger.MethodInvokerProcessUnitTest]-[DEBUG] test
2020-08-08 00:50:03,969 [com.sekift.logger.MethodInvokerProcessUnitTest]-[DEBUG] test
2020-08-08 00:50:03,978 [com.sekift.logger.MethodInvokerProcessUnitTest]-[DEBUG] type:org.slf4j.impl.Log4jLoggerFactory
2020-08-08 00:50:03,978 [com.sekift.logger.MethodInvokerProcessUnitTest]-[DEBUG] type:org.slf4j.impl.Log4jLoggerFactory
2020-08-08 00:50:04,031 [com.sekift.logger.impl.AbstractProcessUnitImpl]-[INFO] [LoggerLevel]start
2020-08-08 00:50:04,031 [com.sekift.logger.impl.AbstractProcessUnitImpl]-[INFO] [LoggerLevel]start
2020-08-08 00:50:04,032 [com.sekift.logger.impl.AbstractProcessUnitImpl]-[DEBUG] [LoggerLevel]log type=org.slf4j.impl.Log4jLoggerFactory
2020-08-08 00:50:04,032 [com.sekift.logger.impl.AbstractProcessUnitImpl]-[DEBUG] [LoggerLevel]log type=org.slf4j.impl.Log4jLoggerFactory
2020-08-08 00:50:04,047 [com.sekift.logger.impl.AbstractProcessUnitImpl]-[INFO] [LoggerLevel]loggerMap={root=org.apache.log4j.spi.RootLogger@555590, com.sekift=org.apache.log4j.Logger@6d1e7682}
2020-08-08 00:50:04,047 [com.sekift.logger.impl.AbstractProcessUnitImpl]-[INFO] [LoggerLevel]loggerMap={root=org.apache.log4j.spi.RootLogger@555590, com.sekift=org.apache.log4j.Logger@6d1e7682}
2020-08-08 00:50:04,177 [com.sekift.logger.impl.AbstractProcessUnitImpl]-[INFO] result={"loggerList":[{"loggerLevel":"DEBUG","loggerName":"root"},{"loggerLevel":"DEBUG","loggerName":"com.sekift"}],"logFramework":"LOG4J"}
2020-08-08 00:50:04,177 [com.sekift.logger.impl.AbstractProcessUnitImpl]-[INFO] result={"loggerList":[{"loggerLevel":"DEBUG","loggerName":"root"},{"loggerLevel":"DEBUG","loggerName":"com.sekift"}],"logFramework":"LOG4J"}
2020-08-08 00:50:04,178 [com.sekift.logger.MethodInvokerProcessUnitTest]-[DEBUG] frame:LOG4J
2020-08-08 00:50:04,178 [com.sekift.logger.MethodInvokerProcessUnitTest]-[DEBUG] frame:LOG4J
2020-08-08 00:50:04,182 [com.sekift.logger.MethodInvokerProcessUnitTest]-[DEBUG] now is debug
2020-08-08 00:50:04,182 [com.sekift.logger.MethodInvokerProcessUnitTest]-[DEBUG] now is debug
2020-08-08 00:50:04,240 [com.sekift.logger.process.MethodInvokerProcessUnit]-[INFO] setLogLevel: data=[{"level":"INFO","name":"com.sekift.logger.MethodInvokerProcessUnitTest"}]
2020-08-08 00:50:04,240 [com.sekift.logger.process.MethodInvokerProcessUnit]-[INFO] setLogLevel: data=[{"level":"INFO","name":"com.sekift.logger.MethodInvokerProcessUnitTest"}]
2020-08-08 01:00:05,581 [com.sekift.logger.MethodInvokerProcessUnitTest]-[DEBUG] test
2020-08-08 01:00:05,581 [com.sekift.logger.MethodInvokerProcessUnitTest]-[DEBUG] test
2020-08-08 01:00:05,594 [com.sekift.logger.MethodInvokerProcessUnitTest]-[DEBUG] type:org.slf4j.impl.Log4jLoggerFactory
2020-08-08 01:00:05,594 [com.sekift.logger.MethodInvokerProcessUnitTest]-[DEBUG] type:org.slf4j.impl.Log4jLoggerFactory
2020-08-08 01:00:05,810 [com.sekift.logger.impl.AbstractProcessUnitImpl]-[INFO] [LoggerLevel]start
2020-08-08 01:00:05,810 [com.sekift.logger.impl.AbstractProcessUnitImpl]-[INFO] [LoggerLevel]start
2020-08-08 01:00:05,810 [com.sekift.logger.impl.AbstractProcessUnitImpl]-[DEBUG] [LoggerLevel]log type=org.slf4j.impl.Log4jLoggerFactory
2020-08-08 01:00:05,810 [com.sekift.logger.impl.AbstractProcessUnitImpl]-[DEBUG] [LoggerLevel]log type=org.slf4j.impl.Log4jLoggerFactory
2020-08-08 01:00:05,813 [com.sekift.logger.impl.AbstractProcessUnitImpl]-[INFO] [LoggerLevel]loggerMap={com.sekift.logger.MethodInvokerProcessUnitTest=org.apache.log4j.Logger@555590, root=org.apache.log4j.spi.RootLogger@6d1e7682, com.sekift=org.apache.log4j.Logger@424c0bc4}
2020-08-08 01:00:05,813 [com.sekift.logger.impl.AbstractProcessUnitImpl]-[INFO] [LoggerLevel]loggerMap={com.sekift.logger.MethodInvokerProcessUnitTest=org.apache.log4j.Logger@555590, root=org.apache.log4j.spi.RootLogger@6d1e7682, com.sekift=org.apache.log4j.Logger@424c0bc4}
2020-08-08 01:00:05,966 [com.sekift.logger.impl.AbstractProcessUnitImpl]-[INFO] result={"loggerList":[{"loggerLevel":"DEBUG","loggerName":"com.sekift.logger.MethodInvokerProcessUnitTest"},{"loggerLevel":"DEBUG","loggerName":"root"},{"loggerLevel":"DEBUG","loggerName":"com.sekift"}],"logFramework":"LOG4J"}
2020-08-08 01:00:05,966 [com.sekift.logger.impl.AbstractProcessUnitImpl]-[INFO] result={"loggerList":[{"loggerLevel":"DEBUG","loggerName":"com.sekift.logger.MethodInvokerProcessUnitTest"},{"loggerLevel":"DEBUG","loggerName":"root"},{"loggerLevel":"DEBUG","loggerName":"com.sekift"}],"logFramework":"LOG4J"}
2020-08-08 01:00:05,966 [com.sekift.logger.MethodInvokerProcessUnitTest]-[DEBUG] frame:LOG4J
2020-08-08 01:00:05,966 [com.sekift.logger.MethodInvokerProcessUnitTest]-[DEBUG] frame:LOG4J
2020-08-08 01:00:05,967 [com.sekift.logger.MethodInvokerProcessUnitTest]-[DEBUG] now is debug
2020-08-08 01:00:05,967 [com.sekift.logger.MethodInvokerProcessUnitTest]-[DEBUG] now is debug
2020-08-08 01:00:06,046 [com.sekift.logger.process.MethodInvokerProcessUnit]-[INFO] setLogLevel: data=[{"level":"INFO","name":"com.sekift.logger.MethodInvokerProcessUnitTest"}]
2020-08-08 01:00:06,046 [com.sekift.logger.process.MethodInvokerProcessUnit]-[INFO] setLogLevel: data=[{"level":"INFO","name":"com.sekift.logger.MethodInvokerProcessUnitTest"}]
2020-08-08 01:00:06,078 [com.sekift.logger.MethodInvokerProcessUnitTest]-[INFO] 如果上面没有打印，表示升级到INFO了
2020-08-08 01:00:06,078 [com.sekift.logger.MethodInvokerProcessUnitTest]-[INFO] 如果上面没有打印，表示升级到INFO了
2020-08-08 01:00:06,079 [com.sekift.logger.process.MethodInvokerProcessUnit]-[INFO] setLogLevel: data=[{"level":"DEBUG","name":"com.sekift.logger.MethodInvokerProcessUnitTest"}]
2020-08-08 01:00:06,079 [com.sekift.logger.process.MethodInvokerProcessUnit]-[INFO] setLogLevel: data=[{"level":"DEBUG","name":"com.sekift.logger.MethodInvokerProcessUnitTest"}]
2020-08-08 01:00:06,090 [com.sekift.logger.MethodInvokerProcessUnitTest]-[DEBUG] end is debug
2020-08-08 01:00:06,090 [com.sekift.logger.MethodInvokerProcessUnitTest]-[DEBUG] end is debug
2020-08-08 01:01:05,786 [com.sekift.logger.MethodInvokerProcessUnitTest]-[DEBUG] test
2020-08-08 01:01:05,791 [com.sekift.logger.MethodInvokerProcessUnitTest]-[DEBUG] type:org.slf4j.impl.Log4jLoggerFactory
2020-08-08 01:01:05,796 [com.sekift.logger.impl.AbstractProcessUnitImpl]-[INFO] [LoggerLevel]start
2020-08-08 01:01:05,797 [com.sekift.logger.impl.AbstractProcessUnitImpl]-[DEBUG] [LoggerLevel]log type=org.slf4j.impl.Log4jLoggerFactory
2020-08-08 01:01:05,799 [com.sekift.logger.impl.AbstractProcessUnitImpl]-[INFO] [LoggerLevel]loggerMap={com.sekift.logger.MethodInvokerProcessUnitTest=org.apache.log4j.Logger@555590, root=org.apache.log4j.spi.RootLogger@6d1e7682}
2020-08-08 01:01:06,040 [com.sekift.logger.impl.AbstractProcessUnitImpl]-[INFO] result={"loggerList":[{"loggerLevel":"DEBUG","loggerName":"com.sekift.logger.MethodInvokerProcessUnitTest"},{"loggerLevel":"DEBUG","loggerName":"root"}],"logFramework":"LOG4J"}
2020-08-08 01:01:06,042 [com.sekift.logger.MethodInvokerProcessUnitTest]-[DEBUG] frame:LOG4J
2020-08-08 01:01:06,044 [com.sekift.logger.MethodInvokerProcessUnitTest]-[DEBUG] now is debug
2020-08-08 01:01:06,103 [com.sekift.logger.process.MethodInvokerProcessUnit]-[INFO] setLogLevel: data=[{"level":"INFO","name":"com.sekift.logger.MethodInvokerProcessUnitTest"}]
2020-08-08 01:01:06,131 [com.sekift.logger.MethodInvokerProcessUnitTest]-[INFO] 如果上面没有打印，表示升级到INFO了
2020-08-08 01:01:06,131 [com.sekift.logger.process.MethodInvokerProcessUnit]-[INFO] setLogLevel: data=[{"level":"DEBUG","name":"com.sekift.logger.MethodInvokerProcessUnitTest"}]
2020-08-08 01:01:06,132 [com.sekift.logger.MethodInvokerProcessUnitTest]-[DEBUG] end is debug
